<?xml version="1.0" encoding="UTF-8"?>
<!-- Generated by org.testng.reporters.JUnitReportReporter -->
<testsuite hostname="LAPTOP-LS3D59LS" failures="0" tests="1" name="com.gsg.testcases.TelevisionPageTest" time="9.545" errors="0" timestamp="2023-06-26T15:01:31 IST" skipped="0">
  <testcase classname="com.gsg.testcases.TelevisionPageTest" name="TelevisionPageTest" time="9.545"/>
  <system-out/>
</testsuite> <!-- com.gsg.testcases.TelevisionPageTest -->
